<?xml version="1.0" encoding="UTF-8" ?>
<testsuite tests="15" failures="0" name="CodebreakerTest" time="0.006" errors="0" skipped="0">
  <properties>
    <property name="java.runtime.name" value="Java(TM) SE Runtime Environment"/>
    <property name="sun.boot.library.path" value="/usr/local/java/jdk1.8.0_192/jre/lib/amd64"/>
    <property name="java.vm.version" value="25.192-b12"/>
    <property name="java.vm.vendor" value="Oracle Corporation"/>
    <property name="maven.multiModuleProjectDirectory" value="/home/jose/Documentos/EclipseProjects/CodeBreaker"/>
    <property name="java.vendor.url" value="http://java.oracle.com/"/>
    <property name="path.separator" value=":"/>
    <property name="guice.disable.misplaced.annotation.check" value="true"/>
    <property name="java.vm.name" value="Java HotSpot(TM) 64-Bit Server VM"/>
    <property name="file.encoding.pkg" value="sun.io"/>
    <property name="user.country" value="CO"/>
    <property name="sun.java.launcher" value="SUN_STANDARD"/>
    <property name="sun.os.patch.level" value="unknown"/>
    <property name="java.vm.specification.name" value="Java Virtual Machine Specification"/>
    <property name="user.dir" value="/home/jose/Documentos/EclipseProjects/CodeBreaker"/>
    <property name="java.runtime.version" value="1.8.0_192-b12"/>
    <property name="java.awt.graphicsenv" value="sun.awt.X11GraphicsEnvironment"/>
    <property name="java.endorsed.dirs" value="/usr/local/java/jdk1.8.0_192/jre/lib/endorsed"/>
    <property name="os.arch" value="amd64"/>
    <property name="java.io.tmpdir" value="/tmp"/>
    <property name="line.separator" value="
"/>
    <property name="java.vm.specification.vendor" value="Oracle Corporation"/>
    <property name="os.name" value="Linux"/>
    <property name="classworlds.conf" value="/home/jose/Documentos/EclipseProjects/.metadata/.plugins/org.eclipse.m2e.launching/launches/m2conf5021055269264866685.tmp"/>
    <property name="sun.jnu.encoding" value="UTF-8"/>
    <property name="java.library.path" value="/usr/java/packages/lib/amd64:/usr/lib64:/lib64:/lib:/usr/lib"/>
    <property name="java.specification.name" value="Java Platform API Specification"/>
    <property name="java.class.version" value="52.0"/>
    <property name="sun.management.compiler" value="HotSpot 64-Bit Tiered Compilers"/>
    <property name="os.version" value="4.18.0-parrot10-amd64"/>
    <property name="user.home" value="/home/jose"/>
    <property name="user.timezone" value="America/Bogota"/>
    <property name="java.awt.printerjob" value="sun.print.PSPrinterJob"/>
    <property name="file.encoding" value="UTF-8"/>
    <property name="java.specification.version" value="1.8"/>
    <property name="user.name" value="jose"/>
    <property name="java.class.path" value="/home/jose/.p2/pool/plugins/org.eclipse.m2e.maven.runtime_1.9.1.20180912-1600/jars/plexus-classworlds-2.5.2.jar"/>
    <property name="java.vm.specification.version" value="1.8"/>
    <property name="sun.arch.data.model" value="64"/>
    <property name="java.home" value="/usr/local/java/jdk1.8.0_192/jre"/>
    <property name="sun.java.command" value="org.codehaus.plexus.classworlds.launcher.Launcher -B clean verify"/>
    <property name="java.specification.vendor" value="Oracle Corporation"/>
    <property name="user.language" value="es"/>
    <property name="awt.toolkit" value="sun.awt.X11.XToolkit"/>
    <property name="java.vm.info" value="mixed mode"/>
    <property name="java.version" value="1.8.0_192"/>
    <property name="java.ext.dirs" value="/usr/local/java/jdk1.8.0_192/jre/lib/ext:/usr/java/packages/lib/ext"/>
    <property name="securerandom.source" value="file:/dev/./urandom"/>
    <property name="sun.boot.class.path" value="/usr/local/java/jdk1.8.0_192/jre/lib/resources.jar:/usr/local/java/jdk1.8.0_192/jre/lib/rt.jar:/usr/local/java/jdk1.8.0_192/jre/lib/sunrsasign.jar:/usr/local/java/jdk1.8.0_192/jre/lib/jsse.jar:/usr/local/java/jdk1.8.0_192/jre/lib/jce.jar:/usr/local/java/jdk1.8.0_192/jre/lib/charsets.jar:/usr/local/java/jdk1.8.0_192/jre/lib/jfr.jar:/usr/local/java/jdk1.8.0_192/jre/classes"/>
    <property name="java.vendor" value="Oracle Corporation"/>
    <property name="maven.home" value="/home/jose/Documentos/EclipseProjects/CodeBreaker/EMBEDDED"/>
    <property name="file.separator" value="/"/>
    <property name="java.vendor.url.bug" value="http://bugreport.sun.com/bugreport/"/>
    <property name="sun.cpu.endian" value="little"/>
    <property name="sun.io.unicode.encoding" value="UnicodeLittle"/>
    <property name="sun.cpu.isalist" value=""/>
  </properties>
  <testcase classname="CodebreakerTest" name="oneCoincidenceByNumber_0100" time="0.003"/>
  <testcase classname="CodebreakerTest" name="oneCoincidenceByNumber_5000" time="0"/>
  <testcase classname="CodebreakerTest" name="allGrown_5176" time="0"/>
  <testcase classname="CodebreakerTest" name="threeCoincidenceByNumber_0123" time="0"/>
  <testcase classname="CodebreakerTest" name="allCoincidences_1234" time="0"/>
  <testcase classname="CodebreakerTest" name="allDifferent_7896" time="0"/>
  <testcase classname="CodebreakerTest" name="oneCoincidenceByPosition_5876" time="0"/>
  <testcase classname="CodebreakerTest" name="twoCoincidenceByNumber_0120" time="0.001"/>
  <testcase classname="CodebreakerTest" name="twoCoincidencesByNumber_5006" time="0"/>
  <testcase classname="CodebreakerTest" name="twoCoincidencesByTwoPosition_5176" time="0"/>
  <testcase classname="CodebreakerTest" name="threeCoincidencesByNumber_5076" time="0.001"/>
  <testcase classname="CodebreakerTest" name="fourCoincidenceByNumber_4123" time="0"/>
  <testcase classname="CodebreakerTest" name="fourCoincidencesByNumber_5876" time="0"/>
  <testcase classname="CodebreakerTest" name="twoCoincidencesByPosition_5176" time="0"/>
  <testcase classname="CodebreakerTest" name="oneCoincidencesByOnePosition_5176" time="0.001"/>
</testsuite>